Lock 140311651442000 acquired on /root/.cache/huggingface/transformers/85786dd0f189bd1ebaf25d3c9872069aa37d29547d7b30936b8e1b96462bfd0e.eda7e292dfd1c23e0697529e4703d76e28106d4c487872284b8193566ac08cd2.lock
Lock 140311651442000 released on /root/.cache/huggingface/transformers/85786dd0f189bd1ebaf25d3c9872069aa37d29547d7b30936b8e1b96462bfd0e.eda7e292dfd1c23e0697529e4703d76e28106d4c487872284b8193566ac08cd2.lock
Lock 140311734441552 acquired on /root/.cache/huggingface/transformers/0376c3d821e27d72526567b41a46d983514b91ff4d95d4351d2814c811fb7a6a.d67d6b367eb24ab43b08ad55e014cf254076934f71d832bbab9ad35644a375ab.lock
Lock 140311734441552 released on /root/.cache/huggingface/transformers/0376c3d821e27d72526567b41a46d983514b91ff4d95d4351d2814c811fb7a6a.d67d6b367eb24ab43b08ad55e014cf254076934f71d832bbab9ad35644a375ab.lock
Lock 140311734441552 acquired on /root/.cache/huggingface/transformers/94a79519232ed1e4223d1aa4285b08b9204b44c2c2e3625d7bde3939aa505eaf.5d12962c5ee615a4c803841266e9c3be9a691a924f72d395d3a6c6c81157788b.lock
Lock 140311734441552 released on /root/.cache/huggingface/transformers/94a79519232ed1e4223d1aa4285b08b9204b44c2c2e3625d7bde3939aa505eaf.5d12962c5ee615a4c803841266e9c3be9a691a924f72d395d3a6c6c81157788b.lock
Lock 140311601173648 acquired on /root/.cache/huggingface/transformers/5a3823dd1f4f97efc0b6ba7bad6644f43058f566ae858e0eda0f01e3d3510b23.fc9576039592f026ad76a1c231b89aee8668488c671dfbe6616bab2ed298d730.lock
Lock 140311601173648 released on /root/.cache/huggingface/transformers/5a3823dd1f4f97efc0b6ba7bad6644f43058f566ae858e0eda0f01e3d3510b23.fc9576039592f026ad76a1c231b89aee8668488c671dfbe6616bab2ed298d730.lock
Lock 140310352808144 acquired on /root/.cache/huggingface/transformers/d0ea2f82fbdf49f7e3446b4d36771be0658bc3929ef0567a4dfd9c118b47ee4e.3b44f0fbdab9a8775aacdf3689d9478016a26e96e375731fbd26c9e732cf9356.lock
Lock 140310352808144 released on /root/.cache/huggingface/transformers/d0ea2f82fbdf49f7e3446b4d36771be0658bc3929ef0567a4dfd9c118b47ee4e.3b44f0fbdab9a8775aacdf3689d9478016a26e96e375731fbd26c9e732cf9356.lock
Epoch    13: reducing learning rate of group 0 to 1.0000e-05.
Epoch    13: reducing learning rate of group 1 to 1.0000e-05.
Epoch    13: reducing learning rate of group 2 to 1.1000e-03.
Epoch    13: reducing learning rate of group 3 to 1.1000e-03.
Epoch    13: reducing learning rate of group 4 to 1.1000e-04.
Epoch    13: reducing learning rate of group 5 to 1.1000e-04.
Epoch    24: reducing learning rate of group 2 to 1.1000e-04.
Epoch    24: reducing learning rate of group 3 to 1.1000e-04.
Epoch    24: reducing learning rate of group 4 to 1.1000e-05.
Epoch    24: reducing learning rate of group 5 to 1.1000e-05.
Epoch    35: reducing learning rate of group 2 to 1.1000e-05.
Epoch    35: reducing learning rate of group 3 to 1.1000e-05.
Epoch    35: reducing learning rate of group 4 to 1.1000e-06.
Epoch    35: reducing learning rate of group 5 to 1.1000e-06.
Epoch    46: reducing learning rate of group 2 to 1.1000e-06.
Epoch    46: reducing learning rate of group 3 to 1.1000e-06.
Epoch    46: reducing learning rate of group 4 to 1.1000e-07.
Epoch    46: reducing learning rate of group 5 to 1.1000e-07.
Epoch    57: reducing learning rate of group 2 to 1.1000e-07.
Epoch    57: reducing learning rate of group 3 to 1.1000e-07.
Epoch    57: reducing learning rate of group 4 to 1.1000e-08.
Epoch    57: reducing learning rate of group 5 to 1.1000e-08.
Epoch    68: reducing learning rate of group 2 to 1.1000e-08.
Epoch    68: reducing learning rate of group 3 to 1.1000e-08.
epoch 0 total:(0.6511743032047593, {'Claim': 0.6228705043981739, 'Concluding Statement': 0.8330815709969789, 'Counterclaim': 0.4613756613756614, 'Evidence': 0.7437419955757364, 'Lead': 0.8201058201058201, 'Position': 0.6885356780520798, 'Rebuttal': 0.38850889192886456})
Validation score changed (-inf --> 0.6511743032047593). Saving model!
Best performence is epoch 0: 0.6511743032047593
epoch 1 total:(0.6542808270608039, {'Claim': 0.6287610619469026, 'Concluding Statement': 0.8259518259518259, 'Counterclaim': 0.4595103578154426, 'Evidence': 0.7508313266827199, 'Lead': 0.8108695652173913, 'Position': 0.6558109833971902, 'Rebuttal': 0.44823066841415465})
Validation score changed (0.6511743032047593 --> 0.6542808270608039). Saving model!
Best performence is epoch 1: 0.6542808270608039
epoch 2 total:(0.6638564033162881, {'Claim': 0.6300382796667418, 'Concluding Statement': 0.8391502276176024, 'Counterclaim': 0.48717948717948717, 'Evidence': 0.7494188749418875, 'Lead': 0.8069254984260231, 'Position': 0.677535050537985, 'Rebuttal': 0.45674740484429066})
Validation score changed (0.6542808270608039 --> 0.6638564033162881). Saving model!
Best performence is epoch 2: 0.6638564033162881
epoch 3 total:(0.665479665643793, {'Claim': 0.6435385949696444, 'Concluding Statement': 0.8024096385542169, 'Counterclaim': 0.4908722109533469, 'Evidence': 0.7483085250338295, 'Lead': 0.8270833333333333, 'Position': 0.702, 'Rebuttal': 0.44414535666218036})
Validation score changed (0.6638564033162881 --> 0.665479665643793). Saving model!
Best performence is epoch 3: 0.665479665643793
epoch 4 total:(0.672525128184639, {'Claim': 0.651881585549423, 'Concluding Statement': 0.8177916504096762, 'Counterclaim': 0.5185185185185185, 'Evidence': 0.7525025888850535, 'Lead': 0.8181818181818182, 'Position': 0.7019912251096861, 'Rebuttal': 0.44680851063829785})
Validation score changed (0.665479665643793 --> 0.672525128184639). Saving model!
Best performence is epoch 4: 0.672525128184639
epoch 5 total:(0.0047837913891755, {'Claim': 0.0, 'Concluding Statement': 0.0, 'Counterclaim': 0.0, 'Evidence': 0.0334865397242285, 'Lead': 0.0, 'Position': 0.0, 'Rebuttal': 0.0})
epoch 5 EarlyStopping counter: 1 out of 5
Validation score changed (0.672525128184639 --> 0.0047837913891755). Saving model!
Best performence is epoch 4: 0.672525128184639
/workspace/longformer-large-4096_crf_bs4_ml1536_0301/model_2.bin_epoch4
/workspace/longformer-large-4096_crf_bs4_ml1536_0301/model_2.bin_epoch4
Epoch    34: reducing learning rate of group 0 to 1.1000e-07.
Epoch    34: reducing learning rate of group 1 to 1.1000e-07.
Epoch    34: reducing learning rate of group 2 to 1.1000e-03.
Epoch    34: reducing learning rate of group 3 to 1.1000e-03.
Epoch    34: reducing learning rate of group 4 to 1.1000e-06.
Epoch    34: reducing learning rate of group 5 to 1.1000e-06.
Epoch    71: reducing learning rate of group 0 to 1.0000e-07.
Epoch    71: reducing learning rate of group 1 to 1.0000e-07.
Epoch    71: reducing learning rate of group 2 to 1.1000e-04.
Epoch    71: reducing learning rate of group 3 to 1.1000e-04.
Epoch    71: reducing learning rate of group 4 to 1.1000e-07.
Epoch    71: reducing learning rate of group 5 to 1.1000e-07.
Epoch   149: reducing learning rate of group 2 to 1.1000e-05.
Epoch   149: reducing learning rate of group 3 to 1.1000e-05.
Epoch   149: reducing learning rate of group 4 to 1.1000e-08.
Epoch   149: reducing learning rate of group 5 to 1.1000e-08.
Epoch   180: reducing learning rate of group 2 to 1.1000e-06.
Epoch   180: reducing learning rate of group 3 to 1.1000e-06.
Epoch   218: reducing learning rate of group 2 to 1.1000e-07.
Epoch   218: reducing learning rate of group 3 to 1.1000e-07.
Epoch   249: reducing learning rate of group 2 to 1.1000e-08.
Epoch   249: reducing learning rate of group 3 to 1.1000e-08.
epoch 0 total:(0.6793461050617745, {'Claim': 0.6492568125516103, 'Concluding Statement': 0.8177882723337269, 'Counterclaim': 0.5241016652059597, 'Evidence': 0.7573844419391206, 'Lead': 0.8291644491750931, 'Position': 0.7098908369169699, 'Rebuttal': 0.4678362573099415})
Validation score changed (-inf --> 0.6793461050617745). Saving model!
Best performence is epoch 0: 0.6793461050617745
